<?xml version="1.0" encoding="UTF-8"?>
<!-- Generated by org.testng.reporters.JUnitXMLReporter -->
<testsuite ignored="0" hostname="DESKTOP-4QG5HHP" failures="0" tests="5" name="Default test" time="23.428" errors="0" timestamp="2024-01-03T16:50:22 IST">
  <testcase classname="tests.LoginPageTest" name="verifyEntertedUsernameAndPasswordAeNotRetained" time="3.81"/>
  <testcase classname="tests.LoginPageTest" name="verifyFunctionalityOfForgotPasswordButton" time="2.638"/>
  <testcase classname="tests.LoginPageTest" name="verifyLoginFunctionalityWithCorrectCredentials" time="4.086"/>
  <testcase classname="tests.LoginPageTest" name="verifyLoginFunctionalityWithInCorrectCredentials" time="3.353"/>
  <testcase classname="tests.LoginPageTest" name="verifyThePasswordRecoveryFunctionality" time="3.766"/>
</testsuite> <!-- Default test -->
