<?xml version="1.0" encoding="UTF-8"?>
<testng-results ignored="0" total="5" passed="5" failed="0" skipped="0">
  <reporter-output>
  </reporter-output>
  <suite started-at="2024-01-03T16:59:35 IST" name="SuiteForLoginPageAutomation" finished-at="2024-01-03T16:59:56 IST" duration-ms="21062">
    <groups>
    </groups>
    <test started-at="2024-01-03T16:59:35 IST" name="Test" finished-at="2024-01-03T16:59:56 IST" duration-ms="21062">
      <class name="tests.LoginPageTest">
        <test-method is-config="true" signature="launchBrowser()[pri:0, instance:tests.LoginPageTest@1dde4cb2]" started-at="2024-01-03T16:59:35 IST" name="launchBrowser" finished-at="2024-01-03T16:59:37 IST" duration-ms="1725" status="PASS">
          <reporter-output>
          </reporter-output>
        </test-method> <!-- launchBrowser -->
        <test-method signature="verifyEntertedUsernameAndPasswordAreNotRetained()[pri:0, instance:tests.LoginPageTest@1dde4cb2]" started-at="2024-01-03T16:59:37 IST" name="verifyEntertedUsernameAndPasswordAreNotRetained" finished-at="2024-01-03T16:59:40 IST" duration-ms="3299" status="PASS">
          <reporter-output>
          </reporter-output>
        </test-method> <!-- verifyEntertedUsernameAndPasswordAreNotRetained -->
        <test-method is-config="true" signature="closeBrowser(org.testng.ITestResult)[pri:0, instance:tests.LoginPageTest@1dde4cb2]" started-at="2024-01-03T16:59:40 IST" name="closeBrowser" finished-at="2024-01-03T16:59:40 IST" duration-ms="114" status="PASS">
          <params>
            <param index="0">
              <value>
                <![CDATA[[TestResult name=verifyEntertedUsernameAndPasswordAreNotRetained status=SUCCESS method=LoginPageTest.verifyEntertedUsernameAndPasswordAreNotRetained()[pri:0, instance:tests.LoginPageTest@1dde4cb2] output={null}]]]>
              </value>
            </param>
          </params>
          <reporter-output>
          </reporter-output>
        </test-method> <!-- closeBrowser -->
        <test-method is-config="true" signature="launchBrowser()[pri:0, instance:tests.LoginPageTest@1dde4cb2]" started-at="2024-01-03T16:59:40 IST" name="launchBrowser" finished-at="2024-01-03T16:59:41 IST" duration-ms="858" status="PASS">
          <reporter-output>
          </reporter-output>
        </test-method> <!-- launchBrowser -->
        <test-method signature="verifyFunctionalityOfForgotPasswordButton()[pri:0, instance:tests.LoginPageTest@1dde4cb2]" started-at="2024-01-03T16:59:41 IST" name="verifyFunctionalityOfForgotPasswordButton" finished-at="2024-01-03T16:59:44 IST" duration-ms="2429" status="PASS">
          <reporter-output>
          </reporter-output>
        </test-method> <!-- verifyFunctionalityOfForgotPasswordButton -->
        <test-method is-config="true" signature="closeBrowser(org.testng.ITestResult)[pri:0, instance:tests.LoginPageTest@1dde4cb2]" started-at="2024-01-03T16:59:44 IST" name="closeBrowser" finished-at="2024-01-03T16:59:44 IST" duration-ms="125" status="PASS">
          <params>
            <param index="0">
              <value>
                <![CDATA[[TestResult name=verifyFunctionalityOfForgotPasswordButton status=SUCCESS method=LoginPageTest.verifyFunctionalityOfForgotPasswordButton()[pri:0, instance:tests.LoginPageTest@1dde4cb2] output={null}]]]>
              </value>
            </param>
          </params>
          <reporter-output>
          </reporter-output>
        </test-method> <!-- closeBrowser -->
        <test-method is-config="true" signature="launchBrowser()[pri:0, instance:tests.LoginPageTest@1dde4cb2]" started-at="2024-01-03T16:59:44 IST" name="launchBrowser" finished-at="2024-01-03T16:59:44 IST" duration-ms="817" status="PASS">
          <reporter-output>
          </reporter-output>
        </test-method> <!-- launchBrowser -->
        <test-method signature="verifyLoginFunctionalityWithCorrectCredentials()[pri:0, instance:tests.LoginPageTest@1dde4cb2]" started-at="2024-01-03T16:59:44 IST" name="verifyLoginFunctionalityWithCorrectCredentials" finished-at="2024-01-03T16:59:48 IST" duration-ms="3757" status="PASS">
          <reporter-output>
          </reporter-output>
        </test-method> <!-- verifyLoginFunctionalityWithCorrectCredentials -->
        <test-method is-config="true" signature="closeBrowser(org.testng.ITestResult)[pri:0, instance:tests.LoginPageTest@1dde4cb2]" started-at="2024-01-03T16:59:48 IST" name="closeBrowser" finished-at="2024-01-03T16:59:48 IST" duration-ms="127" status="PASS">
          <params>
            <param index="0">
              <value>
                <![CDATA[[TestResult name=verifyLoginFunctionalityWithCorrectCredentials status=SUCCESS method=LoginPageTest.verifyLoginFunctionalityWithCorrectCredentials()[pri:0, instance:tests.LoginPageTest@1dde4cb2] output={null}]]]>
              </value>
            </param>
          </params>
          <reporter-output>
          </reporter-output>
        </test-method> <!-- closeBrowser -->
        <test-method is-config="true" signature="launchBrowser()[pri:0, instance:tests.LoginPageTest@1dde4cb2]" started-at="2024-01-03T16:59:48 IST" name="launchBrowser" finished-at="2024-01-03T16:59:49 IST" duration-ms="775" status="PASS">
          <reporter-output>
          </reporter-output>
        </test-method> <!-- launchBrowser -->
        <test-method signature="verifyLoginFunctionalityWithInCorrectCredentials()[pri:0, instance:tests.LoginPageTest@1dde4cb2]" started-at="2024-01-03T16:59:49 IST" name="verifyLoginFunctionalityWithInCorrectCredentials" finished-at="2024-01-03T16:59:51 IST" duration-ms="2139" status="PASS">
          <reporter-output>
          </reporter-output>
        </test-method> <!-- verifyLoginFunctionalityWithInCorrectCredentials -->
        <test-method is-config="true" signature="closeBrowser(org.testng.ITestResult)[pri:0, instance:tests.LoginPageTest@1dde4cb2]" started-at="2024-01-03T16:59:51 IST" name="closeBrowser" finished-at="2024-01-03T16:59:51 IST" duration-ms="121" status="PASS">
          <params>
            <param index="0">
              <value>
                <![CDATA[[TestResult name=verifyLoginFunctionalityWithInCorrectCredentials status=SUCCESS method=LoginPageTest.verifyLoginFunctionalityWithInCorrectCredentials()[pri:0, instance:tests.LoginPageTest@1dde4cb2] output={null}]]]>
              </value>
            </param>
          </params>
          <reporter-output>
          </reporter-output>
        </test-method> <!-- closeBrowser -->
        <test-method is-config="true" signature="launchBrowser()[pri:0, instance:tests.LoginPageTest@1dde4cb2]" started-at="2024-01-03T16:59:51 IST" name="launchBrowser" finished-at="2024-01-03T16:59:52 IST" duration-ms="862" status="PASS">
          <reporter-output>
          </reporter-output>
        </test-method> <!-- launchBrowser -->
        <test-method signature="verifyThePasswordRecoveryFunctionality()[pri:0, instance:tests.LoginPageTest@1dde4cb2]" started-at="2024-01-03T16:59:52 IST" name="verifyThePasswordRecoveryFunctionality" finished-at="2024-01-03T16:59:56 IST" duration-ms="3756" status="PASS">
          <reporter-output>
          </reporter-output>
        </test-method> <!-- verifyThePasswordRecoveryFunctionality -->
        <test-method is-config="true" signature="closeBrowser(org.testng.ITestResult)[pri:0, instance:tests.LoginPageTest@1dde4cb2]" started-at="2024-01-03T16:59:56 IST" name="closeBrowser" finished-at="2024-01-03T16:59:56 IST" duration-ms="124" status="PASS">
          <params>
            <param index="0">
              <value>
                <![CDATA[[TestResult name=verifyThePasswordRecoveryFunctionality status=SUCCESS method=LoginPageTest.verifyThePasswordRecoveryFunctionality()[pri:0, instance:tests.LoginPageTest@1dde4cb2] output={null}]]]>
              </value>
            </param>
          </params>
          <reporter-output>
          </reporter-output>
        </test-method> <!-- closeBrowser -->
      </class> <!-- tests.LoginPageTest -->
    </test> <!-- Test -->
  </suite> <!-- SuiteForLoginPageAutomation -->
</testng-results>
