<?xml version="1.0" encoding="UTF-8"?>
<testng-results ignored="0" total="5" passed="5" failed="0" skipped="0">
  <reporter-output>
  </reporter-output>
  <suite started-at="2024-01-03T16:49:59 IST" name="Default suite" finished-at="2024-01-03T16:50:22 IST" duration-ms="23428">
    <groups>
    </groups>
    <test started-at="2024-01-03T16:49:59 IST" name="Default test" finished-at="2024-01-03T16:50:22 IST" duration-ms="23428">
      <class name="tests.LoginPageTest">
        <test-method is-config="true" signature="launchBrowser()[pri:0, instance:tests.LoginPageTest@5b8dfcc1]" started-at="2024-01-03T16:49:59 IST" name="launchBrowser" finished-at="2024-01-03T16:50:01 IST" duration-ms="1829" status="PASS">
          <reporter-output>
          </reporter-output>
        </test-method> <!-- launchBrowser -->
        <test-method signature="verifyEntertedUsernameAndPasswordAeNotRetained()[pri:0, instance:tests.LoginPageTest@5b8dfcc1]" started-at="2024-01-03T16:50:01 IST" name="verifyEntertedUsernameAndPasswordAeNotRetained" finished-at="2024-01-03T16:50:05 IST" duration-ms="3810" status="PASS">
          <reporter-output>
          </reporter-output>
        </test-method> <!-- verifyEntertedUsernameAndPasswordAeNotRetained -->
        <test-method is-config="true" signature="closeBrowser(org.testng.ITestResult)[pri:0, instance:tests.LoginPageTest@5b8dfcc1]" started-at="2024-01-03T16:50:05 IST" name="closeBrowser" finished-at="2024-01-03T16:50:05 IST" duration-ms="152" status="PASS">
          <params>
            <param index="0">
              <value>
                <![CDATA[[TestResult name=verifyEntertedUsernameAndPasswordAeNotRetained status=SUCCESS method=LoginPageTest.verifyEntertedUsernameAndPasswordAeNotRetained()[pri:0, instance:tests.LoginPageTest@5b8dfcc1] output={null}]]]>
              </value>
            </param>
          </params>
          <reporter-output>
          </reporter-output>
        </test-method> <!-- closeBrowser -->
        <test-method is-config="true" signature="launchBrowser()[pri:0, instance:tests.LoginPageTest@5b8dfcc1]" started-at="2024-01-03T16:50:05 IST" name="launchBrowser" finished-at="2024-01-03T16:50:06 IST" duration-ms="744" status="PASS">
          <reporter-output>
          </reporter-output>
        </test-method> <!-- launchBrowser -->
        <test-method signature="verifyFunctionalityOfForgotPasswordButton()[pri:0, instance:tests.LoginPageTest@5b8dfcc1]" started-at="2024-01-03T16:50:06 IST" name="verifyFunctionalityOfForgotPasswordButton" finished-at="2024-01-03T16:50:08 IST" duration-ms="2638" status="PASS">
          <reporter-output>
          </reporter-output>
        </test-method> <!-- verifyFunctionalityOfForgotPasswordButton -->
        <test-method is-config="true" signature="closeBrowser(org.testng.ITestResult)[pri:0, instance:tests.LoginPageTest@5b8dfcc1]" started-at="2024-01-03T16:50:08 IST" name="closeBrowser" finished-at="2024-01-03T16:50:08 IST" duration-ms="117" status="PASS">
          <params>
            <param index="0">
              <value>
                <![CDATA[[TestResult name=verifyFunctionalityOfForgotPasswordButton status=SUCCESS method=LoginPageTest.verifyFunctionalityOfForgotPasswordButton()[pri:0, instance:tests.LoginPageTest@5b8dfcc1] output={null}]]]>
              </value>
            </param>
          </params>
          <reporter-output>
          </reporter-output>
        </test-method> <!-- closeBrowser -->
        <test-method is-config="true" signature="launchBrowser()[pri:0, instance:tests.LoginPageTest@5b8dfcc1]" started-at="2024-01-03T16:50:08 IST" name="launchBrowser" finished-at="2024-01-03T16:50:09 IST" duration-ms="849" status="PASS">
          <reporter-output>
          </reporter-output>
        </test-method> <!-- launchBrowser -->
        <test-method signature="verifyLoginFunctionalityWithCorrectCredentials()[pri:0, instance:tests.LoginPageTest@5b8dfcc1]" started-at="2024-01-03T16:50:09 IST" name="verifyLoginFunctionalityWithCorrectCredentials" finished-at="2024-01-03T16:50:13 IST" duration-ms="4086" status="PASS">
          <reporter-output>
          </reporter-output>
        </test-method> <!-- verifyLoginFunctionalityWithCorrectCredentials -->
        <test-method is-config="true" signature="closeBrowser(org.testng.ITestResult)[pri:0, instance:tests.LoginPageTest@5b8dfcc1]" started-at="2024-01-03T16:50:13 IST" name="closeBrowser" finished-at="2024-01-03T16:50:13 IST" duration-ms="133" status="PASS">
          <params>
            <param index="0">
              <value>
                <![CDATA[[TestResult name=verifyLoginFunctionalityWithCorrectCredentials status=SUCCESS method=LoginPageTest.verifyLoginFunctionalityWithCorrectCredentials()[pri:0, instance:tests.LoginPageTest@5b8dfcc1] output={null}]]]>
              </value>
            </param>
          </params>
          <reporter-output>
          </reporter-output>
        </test-method> <!-- closeBrowser -->
        <test-method is-config="true" signature="launchBrowser()[pri:0, instance:tests.LoginPageTest@5b8dfcc1]" started-at="2024-01-03T16:50:13 IST" name="launchBrowser" finished-at="2024-01-03T16:50:14 IST" duration-ms="803" status="PASS">
          <reporter-output>
          </reporter-output>
        </test-method> <!-- launchBrowser -->
        <test-method signature="verifyLoginFunctionalityWithInCorrectCredentials()[pri:0, instance:tests.LoginPageTest@5b8dfcc1]" started-at="2024-01-03T16:50:14 IST" name="verifyLoginFunctionalityWithInCorrectCredentials" finished-at="2024-01-03T16:50:18 IST" duration-ms="3353" status="PASS">
          <reporter-output>
          </reporter-output>
        </test-method> <!-- verifyLoginFunctionalityWithInCorrectCredentials -->
        <test-method is-config="true" signature="closeBrowser(org.testng.ITestResult)[pri:0, instance:tests.LoginPageTest@5b8dfcc1]" started-at="2024-01-03T16:50:18 IST" name="closeBrowser" finished-at="2024-01-03T16:50:18 IST" duration-ms="153" status="PASS">
          <params>
            <param index="0">
              <value>
                <![CDATA[[TestResult name=verifyLoginFunctionalityWithInCorrectCredentials status=SUCCESS method=LoginPageTest.verifyLoginFunctionalityWithInCorrectCredentials()[pri:0, instance:tests.LoginPageTest@5b8dfcc1] output={null}]]]>
              </value>
            </param>
          </params>
          <reporter-output>
          </reporter-output>
        </test-method> <!-- closeBrowser -->
        <test-method is-config="true" signature="launchBrowser()[pri:0, instance:tests.LoginPageTest@5b8dfcc1]" started-at="2024-01-03T16:50:18 IST" name="launchBrowser" finished-at="2024-01-03T16:50:19 IST" duration-ms="825" status="PASS">
          <reporter-output>
          </reporter-output>
        </test-method> <!-- launchBrowser -->
        <test-method signature="verifyThePasswordRecoveryFunctionality()[pri:0, instance:tests.LoginPageTest@5b8dfcc1]" started-at="2024-01-03T16:50:19 IST" name="verifyThePasswordRecoveryFunctionality" finished-at="2024-01-03T16:50:22 IST" duration-ms="3766" status="PASS">
          <reporter-output>
          </reporter-output>
        </test-method> <!-- verifyThePasswordRecoveryFunctionality -->
        <test-method is-config="true" signature="closeBrowser(org.testng.ITestResult)[pri:0, instance:tests.LoginPageTest@5b8dfcc1]" started-at="2024-01-03T16:50:22 IST" name="closeBrowser" finished-at="2024-01-03T16:50:22 IST" duration-ms="116" status="PASS">
          <params>
            <param index="0">
              <value>
                <![CDATA[[TestResult name=verifyThePasswordRecoveryFunctionality status=SUCCESS method=LoginPageTest.verifyThePasswordRecoveryFunctionality()[pri:0, instance:tests.LoginPageTest@5b8dfcc1] output={null}]]]>
              </value>
            </param>
          </params>
          <reporter-output>
          </reporter-output>
        </test-method> <!-- closeBrowser -->
      </class> <!-- tests.LoginPageTest -->
    </test> <!-- Default test -->
  </suite> <!-- Default suite -->
</testng-results>
