<?xml version="1.0" encoding="UTF-8"?>
<!-- Generated by org.testng.reporters.JUnitXMLReporter -->
<testsuite ignored="0" hostname="DESKTOP-4QG5HHP" failures="0" tests="5" name="Test" time="21.062" errors="0" timestamp="2024-01-03T16:59:56 IST">
  <testcase classname="tests.LoginPageTest" name="verifyEntertedUsernameAndPasswordAreNotRetained" time="3.299"/>
  <testcase classname="tests.LoginPageTest" name="verifyFunctionalityOfForgotPasswordButton" time="2.429"/>
  <testcase classname="tests.LoginPageTest" name="verifyLoginFunctionalityWithCorrectCredentials" time="3.757"/>
  <testcase classname="tests.LoginPageTest" name="verifyLoginFunctionalityWithInCorrectCredentials" time="2.139"/>
  <testcase classname="tests.LoginPageTest" name="verifyThePasswordRecoveryFunctionality" time="3.756"/>
</testsuite> <!-- Test -->
